Using pre-set license
Built from '2021.3/staging' branch; Version is '2021.3.4f1 (cb45f9cae8b7) revision 13321721'; Using compiler version '192829333'; Build Type 'Release'
OS: 'Windows 10  (10.0.19043) 64bit Core' Language: 'en' Physical Memory: 16303 MB
BatchMode: 1, IsHumanControllingUs: 0, StartBugReporterOnCrash: 0, Is64bit: 1, IsPro: 1

COMMAND LINE ARGUMENTS:
C:\Unity\2021.3.4f1\Editor\Unity.exe
-adb2
-batchMode
-noUpm
-name
AssetImportWorker0
-projectPath
C:/Users/pspo7/Documents/Midgarson/Midgarson/Midgarson
-logFile
Logs/AssetImportWorker0.log
-srvPort
60194
Successfully changed project path to: C:/Users/pspo7/Documents/Midgarson/Midgarson/Midgarson
C:/Users/pspo7/Documents/Midgarson/Midgarson/Midgarson
[UnityMemory] Configuration Parameters - Can be set up in boot.config
    "memorysetup-bucket-allocator-granularity=16"
    "memorysetup-bucket-allocator-bucket-count=8"
    "memorysetup-bucket-allocator-block-size=33554432"
    "memorysetup-bucket-allocator-block-count=8"
    "memorysetup-main-allocator-block-size=16777216"
    "memorysetup-thread-allocator-block-size=16777216"
    "memorysetup-gfx-main-allocator-block-size=16777216"
    "memorysetup-gfx-thread-allocator-block-size=16777216"
    "memorysetup-cache-allocator-block-size=4194304"
    "memorysetup-typetree-allocator-block-size=2097152"
    "memorysetup-profiler-bucket-allocator-granularity=16"
    "memorysetup-profiler-bucket-allocator-bucket-count=8"
    "memorysetup-profiler-bucket-allocator-block-size=33554432"
    "memorysetup-profiler-bucket-allocator-block-count=8"
    "memorysetup-profiler-allocator-block-size=16777216"
    "memorysetup-profiler-editor-allocator-block-size=1048576"
    "memorysetup-temp-allocator-size-main=16777216"
    "memorysetup-job-temp-allocator-block-size=2097152"
    "memorysetup-job-temp-allocator-block-size-background=1048576"
    "memorysetup-job-temp-allocator-reduction-small-platforms=262144"
    "memorysetup-temp-allocator-size-background-worker=32768"
    "memorysetup-temp-allocator-size-job-worker=262144"
    "memorysetup-temp-allocator-size-preload-manager=33554432"
    "memorysetup-temp-allocator-size-nav-mesh-worker=65536"
    "memorysetup-temp-allocator-size-audio-worker=65536"
    "memorysetup-temp-allocator-size-cloud-worker=32768"
    "memorysetup-temp-allocator-size-gi-baking-worker=262144"
    "memorysetup-temp-allocator-size-gfx=262144"
Refreshing native plugins compatible for Editor in 122.63 ms, found 2 plugins.
Preloading 0 native plugins for Editor in 0.00 ms.
Initialize engine version: 2021.3.4f1 (cb45f9cae8b7)
[Subsystems] Discovering subsystems at path C:/Unity/2021.3.4f1/Editor/Data/Resources/UnitySubsystems
[Subsystems] Discovering subsystems at path C:/Users/pspo7/Documents/Midgarson/Midgarson/Midgarson/Assets
GfxDevice: creating device client; threaded=0; jobified=0
Direct3D:
    Version:  Direct3D 11.0 [level 11.1]
    Renderer: NVIDIA GeForce GTX 1660 Ti (ID=0x2191)
    Vendor:   NVIDIA
    VRAM:     5991 MB
    Driver:   30.0.14.7212
Initialize mono
Mono path[0] = 'C:/Unity/2021.3.4f1/Editor/Data/Managed'
Mono path[1] = 'C:/Unity/2021.3.4f1/Editor/Data/MonoBleedingEdge/lib/mono/unityjit-win32'
Mono config path = 'C:/Unity/2021.3.4f1/Editor/Data/MonoBleedingEdge/etc'
Using monoOptions --debugger-agent=transport=dt_socket,embedding=1,server=y,suspend=n,address=127.0.0.1:56848
Begin MonoManager ReloadAssembly
Registering precompiled unity dll's ...
Register platform support module: C:/Unity/2021.3.4f1/Editor/Data/PlaybackEngines/WindowsStandaloneSupport/UnityEditor.WindowsStandalone.Extensions.dll
Registered in 0.006921 seconds.
Native extension for WindowsStandalone target not found
Refreshing native plugins compatible for Editor in 152.81 ms, found 2 plugins.
Preloading 0 native plugins for Editor in 0.00 ms.
Mono: successfully reloaded assembly
- Completed reload, in  0.848 seconds
Domain Reload Profiling:
	ReloadAssembly (848ms)
		BeginReloadAssembly (83ms)
			ExecutionOrderSort (0ms)
			DisableScriptedObjects (0ms)
			BackupInstance (0ms)
			ReleaseScriptingObjects (0ms)
			CreateAndSetChildDomain (1ms)
		EndReloadAssembly (646ms)
			LoadAssemblies (80ms)
			RebuildTransferFunctionScriptingTraits (0ms)
			SetupTypeCache (128ms)
			ReleaseScriptCaches (0ms)
			RebuildScriptCaches (36ms)
			SetupLoadedEditorAssemblies (421ms)
				LogAssemblyErrors (0ms)
				InitializePlatformSupportModulesInManaged (10ms)
				SetLoadedEditorAssemblies (0ms)
				RefreshPlugins (153ms)
				BeforeProcessingInitializeOnLoad (1ms)
				ProcessInitializeOnLoadAttributes (205ms)
				ProcessInitializeOnLoadMethodAttributes (51ms)
				AfterProcessingInitializeOnLoad (0ms)
				EditorAssembliesLoaded (0ms)
			ExecutionOrderSort2 (0ms)
			AwakeInstancesAfterBackupRestoration (0ms)
Platform modules already initialized, skipping
Registering precompiled user dll's ...
Registered in 0.007846 seconds.
Begin MonoManager ReloadAssembly
Symbol file LoadedFromMemory doesn't match image C:\Users\pspo7\Documents\Midgarson\Midgarson\Midgarson\Library\PackageCache\com.unity.visualscripting@1.7.8\Editor\VisualScripting.Core\Dependencies\YamlDotNet\Unity.VisualScripting.YamlDotNet.dll
Symbol file LoadedFromMemory doesn't match image C:\Users\pspo7\Documents\Midgarson\Midgarson\Midgarson\Library\PackageCache\com.unity.visualscripting@1.7.8\Editor\VisualScripting.Core\Dependencies\DotNetZip\Unity.VisualScripting.IonicZip.dll
Native extension for WindowsStandalone target not found
Refreshing native plugins compatible for Editor in 1.00 ms, found 2 plugins.
Preloading 0 native plugins for Editor in 0.00 ms.
Mono: successfully reloaded assembly
- Completed reload, in  1.117 seconds
Domain Reload Profiling:
	ReloadAssembly (1119ms)
		BeginReloadAssembly (143ms)
			ExecutionOrderSort (0ms)
			DisableScriptedObjects (7ms)
			BackupInstance (0ms)
			ReleaseScriptingObjects (0ms)
			CreateAndSetChildDomain (21ms)
		EndReloadAssembly (837ms)
			LoadAssemblies (92ms)
			RebuildTransferFunctionScriptingTraits (0ms)
			SetupTypeCache (210ms)
			ReleaseScriptCaches (1ms)
			RebuildScriptCaches (116ms)
			SetupLoadedEditorAssemblies (371ms)
				LogAssemblyErrors (0ms)
				InitializePlatformSupportModulesInManaged (6ms)
				SetLoadedEditorAssemblies (1ms)
				RefreshPlugins (1ms)
				BeforeProcessingInitializeOnLoad (135ms)
				ProcessInitializeOnLoadAttributes (178ms)
				ProcessInitializeOnLoadMethodAttributes (36ms)
				AfterProcessingInitializeOnLoad (14ms)
				EditorAssembliesLoaded (0ms)
			ExecutionOrderSort2 (0ms)
			AwakeInstancesAfterBackupRestoration (9ms)
Platform modules already initialized, skipping
========================================================================
Worker process is ready to serve import requests
Launched and connected shader compiler UnityShaderCompiler.exe after 0.10 seconds
Refreshing native plugins compatible for Editor in 1.21 ms, found 2 plugins.
Preloading 0 native plugins for Editor in 0.00 ms.
Unloading 3184 Unused Serialized files (Serialized files now loaded: 0)
Unloading 28 unused Assets / (103.3 KB). Loaded Objects now: 3650.
Memory consumption went from 120.4 MB to 120.3 MB.
Total: 2.961700 ms (FindLiveObjects: 0.351300 ms CreateObjectMapping: 0.196100 ms MarkObjects: 2.314600 ms  DeleteObjects: 0.098400 ms)

AssetImportParameters requested are different than current active one (requested -> active):
  custom:video-decoder-ogg-theora: a1e56fd34408186e4bbccfd4996cb3dc -> 
  custom:container-muxer-webm: aa71ff27fc2769a1b78a27578f13a17b -> 
  custom:container-demuxer-webm: 4f35f7cbe854078d1ac9338744f61a02 -> 
  custom:video-encoder-webm-vp8: eb34c28f22e8b96e1ab97ce403110664 -> 
  custom:video-codec-MediaFoundation-h265: 746d11721c4dcdbdad8f713fa42b33f4 -> 
  custom:audio-encoder-webm-vorbis: bf7c407c2cedff20999df2af8eb42d56 -> 
  custom:framework-win-MediaFoundation: 216162199b28c13a410421893ffa2e32 -> 
  custom:container-demuxer-ogg: 62fdf1f143b41e24485cea50d1cbac27 -> 
  custom:video-decoder-webm-vp8: 9c59270c3fd7afecdb556c50c9e8de78 -> 
  custom:audio-decoder-ogg-vorbis: bf7c407c2cedff20999df2af8eb42d56 -> 
========================================================================
Received Import Request.
  Time since last request: 39994.384244 seconds.
  path: Assets/Prefab/Player 1.prefab
  artifactKey: Guid(35e50388a4f9b0d4fbaa2eaccbc77fce) Importer(815301076,1909f56bfc062723c751e8b465ee728b)
Start importing Assets/Prefab/Player 1.prefab using Guid(35e50388a4f9b0d4fbaa2eaccbc77fce) Importer(815301076,1909f56bfc062723c751e8b465ee728b)  -> (artifact id: '228b13ac09cad3d412f875ea1c120bb0') in 0.186301 seconds 
========================================================================
Received Import Request.
  Time since last request: 1194.004809 seconds.
  path: Assets/Sprites/Cainos/Pixel Art Platformer - Village House/Material/MT FX Particle Lantern Glow.mat
  artifactKey: Guid(633e35356ed980144b2414f022d965b0) Importer(815301076,1909f56bfc062723c751e8b465ee728b)
Start importing Assets/Sprites/Cainos/Pixel Art Platformer - Village House/Material/MT FX Particle Lantern Glow.mat using Guid(633e35356ed980144b2414f022d965b0) Importer(815301076,1909f56bfc062723c751e8b465ee728b)  -> (artifact id: '59c91a33b39cbb2776a08dd1c772d5e3') in 0.064234 seconds 
========================================================================
Received Import Request.
  Time since last request: 0.000022 seconds.
  path: Assets/Sprites/Cainos/Pixel Art Platformer - Village House/Material/MT Village House - Shadow.mat
  artifactKey: Guid(31154918085121047982fe6d597a7d54) Importer(815301076,1909f56bfc062723c751e8b465ee728b)
Start importing Assets/Sprites/Cainos/Pixel Art Platformer - Village House/Material/MT Village House - Shadow.mat using Guid(31154918085121047982fe6d597a7d54) Importer(815301076,1909f56bfc062723c751e8b465ee728b)  -> (artifact id: '90b537405ca8b7455b062e7efc6e94f1') in 0.040159 seconds 
========================================================================
Received Import Request.
  Time since last request: 1.201811 seconds.
  path: Assets/Sprites/Cainos/Pixel Art Platformer - Village House/Prefab/PF House A.prefab
  artifactKey: Guid(a1e26548d26a42349afd673aefbd48d3) Importer(815301076,1909f56bfc062723c751e8b465ee728b)
Start importing Assets/Sprites/Cainos/Pixel Art Platformer - Village House/Prefab/PF House A.prefab using Guid(a1e26548d26a42349afd673aefbd48d3) Importer(815301076,1909f56bfc062723c751e8b465ee728b)  -> (artifact id: 'e91783b8c724c7952f0b3d76c2213f1f') in 0.061925 seconds 
========================================================================
Received Import Request.
  Time since last request: 0.000024 seconds.
  path: Assets/Sprites/Cainos/Pixel Art Platformer - Village House/Prefab/PF House F.prefab
  artifactKey: Guid(368cb0481cea117489c150c28b2ab0c3) Importer(815301076,1909f56bfc062723c751e8b465ee728b)
Start importing Assets/Sprites/Cainos/Pixel Art Platformer - Village House/Prefab/PF House F.prefab using Guid(368cb0481cea117489c150c28b2ab0c3) Importer(815301076,1909f56bfc062723c751e8b465ee728b)  -> (artifact id: '44efdf071d308d47e20252c76995887a') in 0.032959 seconds 
========================================================================
Received Import Request.
  Time since last request: 0.000029 seconds.
  path: Assets/Sprites/Cainos/Pixel Art Platformer - Village House/Prefab/PF House G.prefab
  artifactKey: Guid(14137c8e282545f4b81fc929c729a368) Importer(815301076,1909f56bfc062723c751e8b465ee728b)
Start importing Assets/Sprites/Cainos/Pixel Art Platformer - Village House/Prefab/PF House G.prefab using Guid(14137c8e282545f4b81fc929c729a368) Importer(815301076,1909f56bfc062723c751e8b465ee728b)  -> (artifact id: '861c55be4d8b6485c2720620187d77b3') in 0.034677 seconds 
========================================================================
Received Import Request.
  Time since last request: 0.000034 seconds.
  path: Assets/Sprites/Cainos/Pixel Art Platformer - Village House/Prefab/PF House E.prefab
  artifactKey: Guid(9f74ff852ba0ec945be4e8bc072567fd) Importer(815301076,1909f56bfc062723c751e8b465ee728b)
Start importing Assets/Sprites/Cainos/Pixel Art Platformer - Village House/Prefab/PF House E.prefab using Guid(9f74ff852ba0ec945be4e8bc072567fd) Importer(815301076,1909f56bfc062723c751e8b465ee728b)  -> (artifact id: '2413b71e002e06068d1d6856c7e57419') in 0.032979 seconds 
========================================================================
Received Import Request.
  Time since last request: 0.000019 seconds.
  path: Assets/Sprites/Cainos/Pixel Art Platformer - Village House/Prefab/PF House I.prefab
  artifactKey: Guid(2e0c1156bda75f1419f2f594475a587b) Importer(815301076,1909f56bfc062723c751e8b465ee728b)
Start importing Assets/Sprites/Cainos/Pixel Art Platformer - Village House/Prefab/PF House I.prefab using Guid(2e0c1156bda75f1419f2f594475a587b) Importer(815301076,1909f56bfc062723c751e8b465ee728b)  -> (artifact id: 'ae8a4bf078d232476ef2f7825738fd23') in 0.036750 seconds 
========================================================================
Received Import Request.
  Time since last request: 2.385073 seconds.
  path: Assets/Sprites/Cainos/Pixel Art Platformer - Village House/Texture/TX Tileable Brick.png
  artifactKey: Guid(72322a50dc6955840917d87ef83efa44) Importer(815301076,1909f56bfc062723c751e8b465ee728b)
Start importing Assets/Sprites/Cainos/Pixel Art Platformer - Village House/Texture/TX Tileable Brick.png using Guid(72322a50dc6955840917d87ef83efa44) Importer(815301076,1909f56bfc062723c751e8b465ee728b)  -> (artifact id: '14da25bf6f2ed641f61d963b965d3a30') in 0.101444 seconds 
========================================================================
Received Import Request.
  Time since last request: 0.000018 seconds.
  path: Assets/Sprites/Cainos/Pixel Art Platformer - Village House/Texture/TX Village House.png
  artifactKey: Guid(aa6fa552817c22a4e844b81b8ead69d2) Importer(815301076,1909f56bfc062723c751e8b465ee728b)
Start importing Assets/Sprites/Cainos/Pixel Art Platformer - Village House/Texture/TX Village House.png using Guid(aa6fa552817c22a4e844b81b8ead69d2) Importer(815301076,1909f56bfc062723c751e8b465ee728b)  -> (artifact id: '3517fa7563d24b5bfb277b01204fd304') in 0.437833 seconds 
========================================================================
Received Import Request.
  Time since last request: 0.887377 seconds.
  path: Assets/Sprites/lvl4/BirdEnemy.prefab
  artifactKey: Guid(4e793dc1fde0e834bbbc5457a0c6728f) Importer(815301076,1909f56bfc062723c751e8b465ee728b)
Start importing Assets/Sprites/lvl4/BirdEnemy.prefab using Guid(4e793dc1fde0e834bbbc5457a0c6728f) Importer(815301076,1909f56bfc062723c751e8b465ee728b)  -> (artifact id: 'f04afa927fbde4db18a4de83b391b516') in 0.030571 seconds 
========================================================================
Received Import Request.
  Time since last request: 0.000021 seconds.
  path: Assets/Sprites/lvl4/sea_bakground-c.png
  artifactKey: Guid(a22ba33d3c4ed2748b31c71b65fc4530) Importer(815301076,1909f56bfc062723c751e8b465ee728b)
Start importing Assets/Sprites/lvl4/sea_bakground-c.png using Guid(a22ba33d3c4ed2748b31c71b65fc4530) Importer(815301076,1909f56bfc062723c751e8b465ee728b)  -> (artifact id: 'a9966b6e055f56fadc1b8d63248ae393') in 0.110897 seconds 
========================================================================
Received Import Request.
  Time since last request: 0.000021 seconds.
  path: Assets/Sprites/lvl4/krill-1.png
  artifactKey: Guid(10bae2a030fc8394c842be5c689bd557) Importer(815301076,1909f56bfc062723c751e8b465ee728b)
Start importing Assets/Sprites/lvl4/krill-1.png using Guid(10bae2a030fc8394c842be5c689bd557) Importer(815301076,1909f56bfc062723c751e8b465ee728b)  -> (artifact id: 'fe6cb4ac4085dc0c42d667a85ef2ab5b') in 0.016765 seconds 
========================================================================
Received Import Request.
  Time since last request: 0.000022 seconds.
  path: Assets/Sprites/lvl4/sea_bakground-b.png
  artifactKey: Guid(0a1fa1b77b275994a9ffa96f3c207714) Importer(815301076,1909f56bfc062723c751e8b465ee728b)
Start importing Assets/Sprites/lvl4/sea_bakground-b.png using Guid(0a1fa1b77b275994a9ffa96f3c207714) Importer(815301076,1909f56bfc062723c751e8b465ee728b)  -> (artifact id: 'd666a514f635ffd04eedffab9c0a00a0') in 0.088777 seconds 
========================================================================
Received Import Request.
  Time since last request: 0.000018 seconds.
  path: Assets/Sprites/lvl4/krill-3.png
  artifactKey: Guid(1da7618724f0b1a4ba266e5b8e1897b2) Importer(815301076,1909f56bfc062723c751e8b465ee728b)
Start importing Assets/Sprites/lvl4/krill-3.png using Guid(1da7618724f0b1a4ba266e5b8e1897b2) Importer(815301076,1909f56bfc062723c751e8b465ee728b)  -> (artifact id: 'b10e2d33500e9c645b4308001336ad3e') in 0.020464 seconds 
========================================================================
Received Import Request.
  Time since last request: 0.000016 seconds.
  path: Assets/Sprites/lvl4/Preview_143.png
  artifactKey: Guid(fc932171dd89f354a838f8505eefc9fa) Importer(815301076,1909f56bfc062723c751e8b465ee728b)
Start importing Assets/Sprites/lvl4/Preview_143.png using Guid(fc932171dd89f354a838f8505eefc9fa) Importer(815301076,1909f56bfc062723c751e8b465ee728b)  -> (artifact id: 'b31fa1b25f0fa4d4685ee3f87b139436') in 0.065667 seconds 
========================================================================
Received Import Request.
  Time since last request: 0.000017 seconds.
  path: Assets/Sprites/lvl4/sailboat.png
  artifactKey: Guid(d663f9a91746932408bb05ccd97229ef) Importer(815301076,1909f56bfc062723c751e8b465ee728b)
Start importing Assets/Sprites/lvl4/sailboat.png using Guid(d663f9a91746932408bb05ccd97229ef) Importer(815301076,1909f56bfc062723c751e8b465ee728b)  -> (artifact id: 'a3c8812a556c856c6fde3f130db4f819') in 0.038527 seconds 
========================================================================
Received Import Request.
  Time since last request: 0.000021 seconds.
  path: Assets/Sprites/lvl4/shield.png
  artifactKey: Guid(120364d23bdd4d946b2096c7270c9fd0) Importer(815301076,1909f56bfc062723c751e8b465ee728b)
Start importing Assets/Sprites/lvl4/shield.png using Guid(120364d23bdd4d946b2096c7270c9fd0) Importer(815301076,1909f56bfc062723c751e8b465ee728b)  -> (artifact id: 'a05a46c801a79883b34e7cd6869ee0fe') in 0.034118 seconds 
========================================================================
Received Import Request.
  Time since last request: 4.665271 seconds.
  path: Assets/Sprites/lvl4/FantasyVikingShips
  artifactKey: Guid(2722a468f5cfd84489dfd51b7be50c66) Importer(815301076,1909f56bfc062723c751e8b465ee728b)
Start importing Assets/Sprites/lvl4/FantasyVikingShips using Guid(2722a468f5cfd84489dfd51b7be50c66) Importer(815301076,1909f56bfc062723c751e8b465ee728b)  -> (artifact id: 'c8b385958ffe89b5fb9fff877495c2ac') in 0.005749 seconds 
========================================================================
Received Import Request.
  Time since last request: 0.063553 seconds.
  path: Assets/Sprites/lvl4/FantasyVikingShips/no-front.png
  artifactKey: Guid(56dfb2aa9502ffb4d842d2381270a42c) Importer(815301076,1909f56bfc062723c751e8b465ee728b)
Start importing Assets/Sprites/lvl4/FantasyVikingShips/no-front.png using Guid(56dfb2aa9502ffb4d842d2381270a42c) Importer(815301076,1909f56bfc062723c751e8b465ee728b)  -> (artifact id: 'ff5ca0b233d4b9346dcede1a24273729') in 0.269333 seconds 
========================================================================
Received Import Request.
  Time since last request: 0.000023 seconds.
  path: Assets/Sprites/lvl4/FantasyVikingShips/SourcesLarge.psd
  artifactKey: Guid(ba4927bcd47376f4aa20c747e3298201) Importer(815301076,1909f56bfc062723c751e8b465ee728b)
Start importing Assets/Sprites/lvl4/FantasyVikingShips/SourcesLarge.psd using Guid(ba4927bcd47376f4aa20c747e3298201) Importer(815301076,1909f56bfc062723c751e8b465ee728b)  -> (artifact id: 'e9830ad3bbb3849724b3a4923e82349b') in 0.299462 seconds 
========================================================================
Received Import Request.
  Time since last request: 68.176969 seconds.
  path: Assets/Sprites/lvl4/FantasyVikingShips/Sprites
  artifactKey: Guid(b76e05164f201114f933ca95a7a37dab) Importer(815301076,1909f56bfc062723c751e8b465ee728b)
Start importing Assets/Sprites/lvl4/FantasyVikingShips/Sprites using Guid(b76e05164f201114f933ca95a7a37dab) Importer(815301076,1909f56bfc062723c751e8b465ee728b)  -> (artifact id: '941aceef06ab3484f665e80e9fc3c825') in 0.007899 seconds 
========================================================================
Received Import Request.
  Time since last request: 0.074255 seconds.
  path: Assets/Sprites/lvl4/FantasyVikingShips/Sprites/Large1.png
  artifactKey: Guid(a1bd073f826d1ed4eb50c7992e6e4240) Importer(815301076,1909f56bfc062723c751e8b465ee728b)
Start importing Assets/Sprites/lvl4/FantasyVikingShips/Sprites/Large1.png using Guid(a1bd073f826d1ed4eb50c7992e6e4240) Importer(815301076,1909f56bfc062723c751e8b465ee728b)  -> (artifact id: '9278bb0655dd7ab74af3a6aa75291ace') in 0.071341 seconds 
========================================================================
Received Import Request.
  Time since last request: 0.000020 seconds.
  path: Assets/Sprites/lvl4/FantasyVikingShips/Sprites/Small3.png
  artifactKey: Guid(30de021b905c70a4985b96e79c6a161a) Importer(815301076,1909f56bfc062723c751e8b465ee728b)
Start importing Assets/Sprites/lvl4/FantasyVikingShips/Sprites/Small3.png using Guid(30de021b905c70a4985b96e79c6a161a) Importer(815301076,1909f56bfc062723c751e8b465ee728b)  -> (artifact id: '977ee91188e3f598115b891db84c02ab') in 0.059757 seconds 
========================================================================
Received Import Request.
  Time since last request: 0.000026 seconds.
  path: Assets/Sprites/lvl4/FantasyVikingShips/Sprites/Small2.png
  artifactKey: Guid(324b5d6784e522e4cb6a1699e2fad7e5) Importer(815301076,1909f56bfc062723c751e8b465ee728b)
Start importing Assets/Sprites/lvl4/FantasyVikingShips/Sprites/Small2.png using Guid(324b5d6784e522e4cb6a1699e2fad7e5) Importer(815301076,1909f56bfc062723c751e8b465ee728b)  -> (artifact id: 'd23df3c859e465f5366bf8c4717b7d33') in 0.054379 seconds 
========================================================================
Received Import Request.
  Time since last request: 312.581248 seconds.
  path: Assets/Sprites/Control-Keys.png
  artifactKey: Guid(8015bbe6f6c397c44aa05ee5eacd43cb) Importer(815301076,1909f56bfc062723c751e8b465ee728b)
Start importing Assets/Sprites/Control-Keys.png using Guid(8015bbe6f6c397c44aa05ee5eacd43cb) Importer(815301076,1909f56bfc062723c751e8b465ee728b)  -> (artifact id: '628ff88db5be26f3ddce4ee4a4ddcc54') in 0.248756 seconds 
========================================================================
Received Import Request.
  Time since last request: 12.134798 seconds.
  path: Assets/Sprites/Painted HQ 2D Forest Medieval Background
  artifactKey: Guid(3f72178d953e685499e3407623981dde) Importer(815301076,1909f56bfc062723c751e8b465ee728b)
Start importing Assets/Sprites/Painted HQ 2D Forest Medieval Background using Guid(3f72178d953e685499e3407623981dde) Importer(815301076,1909f56bfc062723c751e8b465ee728b)  -> (artifact id: '8fe9862e86c89a4da87b23e35289cf03') in 0.007136 seconds 
========================================================================
Received Import Request.
  Time since last request: 0.739012 seconds.
  path: Assets/Sprites/pack_loreon_char 1.0
  artifactKey: Guid(bc2e5857f3e2dc1479a56451107ae0f8) Importer(815301076,1909f56bfc062723c751e8b465ee728b)
Start importing Assets/Sprites/pack_loreon_char 1.0 using Guid(bc2e5857f3e2dc1479a56451107ae0f8) Importer(815301076,1909f56bfc062723c751e8b465ee728b)  -> (artifact id: '4ab50a08c750ac9c1e4d0c757359e176') in 0.006631 seconds 
========================================================================
Received Import Request.
  Time since last request: 0.926564 seconds.
  path: Assets/Sprites/lvl4
  artifactKey: Guid(1b497d634188de8488911817b2a6eaec) Importer(815301076,1909f56bfc062723c751e8b465ee728b)
Start importing Assets/Sprites/lvl4 using Guid(1b497d634188de8488911817b2a6eaec) Importer(815301076,1909f56bfc062723c751e8b465ee728b)  -> (artifact id: 'e56dbac4a51986b0da7dec0d33a0acfa') in 0.016416 seconds 
========================================================================
Received Import Request.
  Time since last request: 3.859822 seconds.
  path: Assets/Sprites/Cainos
  artifactKey: Guid(2c5558cacd7bcef438c006f42cc3591b) Importer(815301076,1909f56bfc062723c751e8b465ee728b)
Start importing Assets/Sprites/Cainos using Guid(2c5558cacd7bcef438c006f42cc3591b) Importer(815301076,1909f56bfc062723c751e8b465ee728b)  -> (artifact id: '7a6cbe8003ed551657fe9a442945c469') in 0.006967 seconds 
========================================================================
Received Import Request.
  Time since last request: 1.595475 seconds.
  path: Assets/Sprites/Cainos/Pixel Art Platformer - Village Props
  artifactKey: Guid(1f08d781702466b438d35aa7938d8030) Importer(815301076,1909f56bfc062723c751e8b465ee728b)
Start importing Assets/Sprites/Cainos/Pixel Art Platformer - Village Props using Guid(1f08d781702466b438d35aa7938d8030) Importer(815301076,1909f56bfc062723c751e8b465ee728b)  -> (artifact id: 'd4eeb953672780599bd468bdeb520be2') in 0.007322 seconds 
========================================================================
Received Import Request.
  Time since last request: 4.020117 seconds.
  path: Assets/Sprites/Cainos/Pixel Art Platformer - Village Props/Texture
  artifactKey: Guid(4fb7661537e28884697bca33184bdaa0) Importer(815301076,1909f56bfc062723c751e8b465ee728b)
Start importing Assets/Sprites/Cainos/Pixel Art Platformer - Village Props/Texture using Guid(4fb7661537e28884697bca33184bdaa0) Importer(815301076,1909f56bfc062723c751e8b465ee728b)  -> (artifact id: '346e820572c95c3b22d47c69b5ffc741') in 0.007354 seconds 
========================================================================
Received Import Request.
  Time since last request: 0.065164 seconds.
  path: Assets/Sprites/Cainos/Pixel Art Platformer - Village Props/Texture/TX Background Grid.png
  artifactKey: Guid(4525736a9d0538940bce8f13f1227b26) Importer(815301076,1909f56bfc062723c751e8b465ee728b)
Start importing Assets/Sprites/Cainos/Pixel Art Platformer - Village Props/Texture/TX Background Grid.png using Guid(4525736a9d0538940bce8f13f1227b26) Importer(815301076,1909f56bfc062723c751e8b465ee728b)  -> (artifact id: '205f9a27916cbe2b0e1a462f780587b0') in 0.033244 seconds 
========================================================================
Received Import Request.
  Time since last request: 0.000017 seconds.
  path: Assets/Sprites/Cainos/Pixel Art Platformer - Village Props/Texture/TX Particle Flame.png
  artifactKey: Guid(cfcfd3af954eeb54cb041fe6d75a983b) Importer(815301076,1909f56bfc062723c751e8b465ee728b)
Start importing Assets/Sprites/Cainos/Pixel Art Platformer - Village Props/Texture/TX Particle Flame.png using Guid(cfcfd3af954eeb54cb041fe6d75a983b) Importer(815301076,1909f56bfc062723c751e8b465ee728b)  -> (artifact id: '60ec25557f6f48b7f61fce1bcd7c32c7') in 0.017692 seconds 
========================================================================
Received Import Request.
  Time since last request: 0.000024 seconds.
  path: Assets/Sprites/Cainos/Pixel Art Platformer - Village Props/Texture/TX Village Props.png
  artifactKey: Guid(7810966f0f690954c87305933cabf2b0) Importer(815301076,1909f56bfc062723c751e8b465ee728b)
Start importing Assets/Sprites/Cainos/Pixel Art Platformer - Village Props/Texture/TX Village Props.png using Guid(7810966f0f690954c87305933cabf2b0) Importer(815301076,1909f56bfc062723c751e8b465ee728b)  -> (artifact id: '9476fadc9dd6a021e25fc13427f6be7f') in 0.502856 seconds 
========================================================================
Received Import Request.
  Time since last request: 9.925575 seconds.
  path: Assets/Sprites/Cainos/Pixel Art Platformer - Village Props/Material
  artifactKey: Guid(9ac4b6a5224288540a1d038f5d6101e2) Importer(815301076,1909f56bfc062723c751e8b465ee728b)
Start importing Assets/Sprites/Cainos/Pixel Art Platformer - Village Props/Material using Guid(9ac4b6a5224288540a1d038f5d6101e2) Importer(815301076,1909f56bfc062723c751e8b465ee728b)  -> (artifact id: '993f978a610341a7fe6e0e08298cf47e') in 0.007272 seconds 
========================================================================
Received Import Request.
  Time since last request: 1.590225 seconds.
  path: Assets/Sprites/Cainos/Pixel Art Platformer - Village Props/Material/MT FX Particle Torch Fire.mat
  artifactKey: Guid(dce4faabfa7d00147bb7d853e5c1fbf3) Importer(815301076,1909f56bfc062723c751e8b465ee728b)
Start importing Assets/Sprites/Cainos/Pixel Art Platformer - Village Props/Material/MT FX Particle Torch Fire.mat using Guid(dce4faabfa7d00147bb7d853e5c1fbf3) Importer(815301076,1909f56bfc062723c751e8b465ee728b)  -> (artifact id: 'aabd977239d97108929b15f6c968e98a') in 0.019162 seconds 
========================================================================
Received Import Request.
  Time since last request: 2.246361 seconds.
  path: Assets/Sprites/Cainos/Pixel Art Platformer - Village Props/Scene
  artifactKey: Guid(3e5bc175231773446846774743597c2f) Importer(815301076,1909f56bfc062723c751e8b465ee728b)
Start importing Assets/Sprites/Cainos/Pixel Art Platformer - Village Props/Scene using Guid(3e5bc175231773446846774743597c2f) Importer(815301076,1909f56bfc062723c751e8b465ee728b)  -> (artifact id: 'bdadfceb1933a26e99bb1f53190b77ee') in 0.006400 seconds 
========================================================================
Received Import Request.
  Time since last request: 6.716094 seconds.
  path: Assets/Sprites/Cainos/Pixel Art Platformer - Village Props/Prefab
  artifactKey: Guid(8d3b16bf124f65b49b22817d94a88022) Importer(815301076,1909f56bfc062723c751e8b465ee728b)
Start importing Assets/Sprites/Cainos/Pixel Art Platformer - Village Props/Prefab using Guid(8d3b16bf124f65b49b22817d94a88022) Importer(815301076,1909f56bfc062723c751e8b465ee728b)  -> (artifact id: 'c8ad889c22bcf63099d38ceed5ff02b2') in 0.007934 seconds 
========================================================================
Received Import Request.
  Time since last request: 0.063776 seconds.
  path: Assets/Sprites/Cainos/Pixel Art Platformer - Village Props/Prefab/PF Village Props - Anvil.prefab
  artifactKey: Guid(c2f614a8e0864dc428810ace2ccc1584) Importer(815301076,1909f56bfc062723c751e8b465ee728b)
Start importing Assets/Sprites/Cainos/Pixel Art Platformer - Village Props/Prefab/PF Village Props - Anvil.prefab using Guid(c2f614a8e0864dc428810ace2ccc1584) Importer(815301076,1909f56bfc062723c751e8b465ee728b)  -> (artifact id: '64faf79ef254bbe37706b6c4dcd247c3') in 0.020067 seconds 
========================================================================
Received Import Request.
  Time since last request: 0.000016 seconds.
  path: Assets/Sprites/Cainos/Pixel Art Platformer - Village Props/Prefab/PF Village Props - Bucket.prefab
  artifactKey: Guid(75e84fbdb66ab5647a06b786c6662307) Importer(815301076,1909f56bfc062723c751e8b465ee728b)
Start importing Assets/Sprites/Cainos/Pixel Art Platformer - Village Props/Prefab/PF Village Props - Bucket.prefab using Guid(75e84fbdb66ab5647a06b786c6662307) Importer(815301076,1909f56bfc062723c751e8b465ee728b)  -> (artifact id: 'e0894a26700e581f4e7acd5c8ff5aea7') in 0.022022 seconds 
========================================================================
Received Import Request.
  Time since last request: 0.000021 seconds.
  path: Assets/Sprites/Cainos/Pixel Art Platformer - Village Props/Prefab/PF Village Props - Gravestone C.prefab
  artifactKey: Guid(d6770ea3eabbc694a9bad4112d5af65b) Importer(815301076,1909f56bfc062723c751e8b465ee728b)
Start importing Assets/Sprites/Cainos/Pixel Art Platformer - Village Props/Prefab/PF Village Props - Gravestone C.prefab using Guid(d6770ea3eabbc694a9bad4112d5af65b) Importer(815301076,1909f56bfc062723c751e8b465ee728b)  -> (artifact id: '231671a5b211ef4030f0595f4db0735d') in 0.017679 seconds 
========================================================================
Received Import Request.
  Time since last request: 0.000017 seconds.
  path: Assets/Sprites/Cainos/Pixel Art Platformer - Village Props/Prefab/PF Village Props - Gunny Bag B.prefab
  artifactKey: Guid(25f9f2235afcaca429284c9aec8982df) Importer(815301076,1909f56bfc062723c751e8b465ee728b)
Start importing Assets/Sprites/Cainos/Pixel Art Platformer - Village Props/Prefab/PF Village Props - Gunny Bag B.prefab using Guid(25f9f2235afcaca429284c9aec8982df) Importer(815301076,1909f56bfc062723c751e8b465ee728b)  -> (artifact id: '9a8ede3e3e0d02bf859eb8945e5057a7') in 0.024024 seconds 
========================================================================
Received Import Request.
  Time since last request: 0.000016 seconds.
  path: Assets/Sprites/Cainos/Pixel Art Platformer - Village Props/Prefab/PF Village Props - Log Bench.prefab
  artifactKey: Guid(28ae4e85426a2f54a98737a016d4cbc2) Importer(815301076,1909f56bfc062723c751e8b465ee728b)
Start importing Assets/Sprites/Cainos/Pixel Art Platformer - Village Props/Prefab/PF Village Props - Log Bench.prefab using Guid(28ae4e85426a2f54a98737a016d4cbc2) Importer(815301076,1909f56bfc062723c751e8b465ee728b)  -> (artifact id: '7c49f47b8f4797e03997b685cf7bbdfd') in 0.022035 seconds 
========================================================================
Received Import Request.
  Time since last request: 0.000029 seconds.
  path: Assets/Sprites/Cainos/Pixel Art Platformer - Village Props/Prefab/PF Village Props - Hay Fork 1.prefab
  artifactKey: Guid(fad6b34e2edb6f24c951ba47fab95694) Importer(815301076,1909f56bfc062723c751e8b465ee728b)
Start importing Assets/Sprites/Cainos/Pixel Art Platformer - Village Props/Prefab/PF Village Props - Hay Fork 1.prefab using Guid(fad6b34e2edb6f24c951ba47fab95694) Importer(815301076,1909f56bfc062723c751e8b465ee728b)  -> (artifact id: '88c03e90a05308b206fdde2a0c1d2bd5') in 0.021672 seconds 
========================================================================
Received Import Request.
  Time since last request: 0.000025 seconds.
  path: Assets/Sprites/Cainos/Pixel Art Platformer - Village Props/Prefab/PF Village Props - Chest Silver.prefab
  artifactKey: Guid(7f2681b23c23afc4fbb43c6dca9f41f9) Importer(815301076,1909f56bfc062723c751e8b465ee728b)
Start importing Assets/Sprites/Cainos/Pixel Art Platformer - Village Props/Prefab/PF Village Props - Chest Silver.prefab using Guid(7f2681b23c23afc4fbb43c6dca9f41f9) Importer(815301076,1909f56bfc062723c751e8b465ee728b)  -> (artifact id: '1a1bee76f34e3c1bd42cf0ad6ee4460c') in 0.028229 seconds 
========================================================================
Received Import Request.
  Time since last request: 0.000021 seconds.
  path: Assets/Sprites/Cainos/Pixel Art Platformer - Village Props/Prefab/PF Village Props - Fence A.prefab
  artifactKey: Guid(8cc938fe21b426a4daedf2f6c7e34c80) Importer(815301076,1909f56bfc062723c751e8b465ee728b)
Start importing Assets/Sprites/Cainos/Pixel Art Platformer - Village Props/Prefab/PF Village Props - Fence A.prefab using Guid(8cc938fe21b426a4daedf2f6c7e34c80) Importer(815301076,1909f56bfc062723c751e8b465ee728b)  -> (artifact id: 'a804d84587930e3892b6edd6d1e20185') in 0.082043 seconds 
========================================================================
Received Import Request.
  Time since last request: 0.000049 seconds.
  path: Assets/Sprites/Cainos/Pixel Art Platformer - Village Props/Prefab/PF Village Props - Basket.prefab
  artifactKey: Guid(33765db783031c64eb242d22002b9a55) Importer(815301076,1909f56bfc062723c751e8b465ee728b)
Start importing Assets/Sprites/Cainos/Pixel Art Platformer - Village Props/Prefab/PF Village Props - Basket.prefab using Guid(33765db783031c64eb242d22002b9a55) Importer(815301076,1909f56bfc062723c751e8b465ee728b)  -> (artifact id: '3ea64f62fcfea64af72d8db8cd2a880d') in 0.018006 seconds 
========================================================================
Received Import Request.
  Time since last request: 0.000020 seconds.
  path: Assets/Sprites/Cainos/Pixel Art Platformer - Village Props/Prefab/PF Village Props - Campfire.prefab
  artifactKey: Guid(e8bae36b607017047ace9061609051d9) Importer(815301076,1909f56bfc062723c751e8b465ee728b)
Start importing Assets/Sprites/Cainos/Pixel Art Platformer - Village Props/Prefab/PF Village Props - Campfire.prefab using Guid(e8bae36b607017047ace9061609051d9) Importer(815301076,1909f56bfc062723c751e8b465ee728b)  -> (artifact id: '854c471ffc20414d27121eb342714ec0') in 0.019910 seconds 
========================================================================
Received Import Request.
  Time since last request: 0.000019 seconds.
  path: Assets/Sprites/Cainos/Pixel Art Platformer - Village Props/Prefab/PF Village Props - Archert Target.prefab
  artifactKey: Guid(55e220e9324021f4aba5a837610ec52e) Importer(815301076,1909f56bfc062723c751e8b465ee728b)
Start importing Assets/Sprites/Cainos/Pixel Art Platformer - Village Props/Prefab/PF Village Props - Archert Target.prefab using Guid(55e220e9324021f4aba5a837610ec52e) Importer(815301076,1909f56bfc062723c751e8b465ee728b)  -> (artifact id: '4271b66f7b2cf14df8d4a93a1ba355b7') in 0.017671 seconds 
========================================================================
Received Import Request.
  Time since last request: 0.000023 seconds.
  path: Assets/Sprites/Cainos/Pixel Art Platformer - Village Props/Prefab/PF Village Props - Platform M.prefab
  artifactKey: Guid(8f0b414806fcbda47b9f242883104bb5) Importer(815301076,1909f56bfc062723c751e8b465ee728b)
Start importing Assets/Sprites/Cainos/Pixel Art Platformer - Village Props/Prefab/PF Village Props - Platform M.prefab using Guid(8f0b414806fcbda47b9f242883104bb5) Importer(815301076,1909f56bfc062723c751e8b465ee728b)  -> (artifact id: '3fc785222db9fb178026acb3f990142a') in 0.016360 seconds 
========================================================================
Received Import Request.
  Time since last request: 0.000021 seconds.
  path: Assets/Sprites/Cainos/Pixel Art Platformer - Village Props/Prefab/PF Village Props - Barrel.prefab
  artifactKey: Guid(1509360826d6bb34587310ad4949fdd5) Importer(815301076,1909f56bfc062723c751e8b465ee728b)
Start importing Assets/Sprites/Cainos/Pixel Art Platformer - Village Props/Prefab/PF Village Props - Barrel.prefab using Guid(1509360826d6bb34587310ad4949fdd5) Importer(815301076,1909f56bfc062723c751e8b465ee728b)  -> (artifact id: '0c51eb980f8a95b46deda83f40f3cb94') in 0.016891 seconds 
========================================================================
Received Import Request.
  Time since last request: 0.000024 seconds.
  path: Assets/Sprites/Cainos/Pixel Art Platformer - Village Props/Prefab/PF Village Props - Cup.prefab
  artifactKey: Guid(4d8ad400922c4a343911784077c26568) Importer(815301076,1909f56bfc062723c751e8b465ee728b)
Start importing Assets/Sprites/Cainos/Pixel Art Platformer - Village Props/Prefab/PF Village Props - Cup.prefab using Guid(4d8ad400922c4a343911784077c26568) Importer(815301076,1909f56bfc062723c751e8b465ee728b)  -> (artifact id: '8c41b4aacad477ea127106e9e795b225') in 0.016484 seconds 
========================================================================
Received Import Request.
  Time since last request: 0.000019 seconds.
  path: Assets/Sprites/Cainos/Pixel Art Platformer - Village Props/Prefab/PF Village Props - Clother Hanger.prefab
  artifactKey: Guid(cbdefb422455c2a4aab364028b4b5e10) Importer(815301076,1909f56bfc062723c751e8b465ee728b)
Start importing Assets/Sprites/Cainos/Pixel Art Platformer - Village Props/Prefab/PF Village Props - Clother Hanger.prefab using Guid(cbdefb422455c2a4aab364028b4b5e10) Importer(815301076,1909f56bfc062723c751e8b465ee728b)  -> (artifact id: '3eeade0fe788e2ed2190531ed7a89f79') in 0.018209 seconds 
========================================================================
Received Import Request.
  Time since last request: 0.000025 seconds.
  path: Assets/Sprites/Cainos/Pixel Art Platformer - Village Props/Prefab/PF Village Props - Platform R.prefab
  artifactKey: Guid(e3923ce12ac7289418d3157a9b65dfa6) Importer(815301076,1909f56bfc062723c751e8b465ee728b)
Start importing Assets/Sprites/Cainos/Pixel Art Platformer - Village Props/Prefab/PF Village Props - Platform R.prefab using Guid(e3923ce12ac7289418d3157a9b65dfa6) Importer(815301076,1909f56bfc062723c751e8b465ee728b)  -> (artifact id: 'e174bac9fceeedce381dcfb4490c20e1') in 0.018082 seconds 
========================================================================
Received Import Request.
  Time since last request: 0.000016 seconds.
  path: Assets/Sprites/Cainos/Pixel Art Platformer - Village Props/Prefab/PF Village Props - Chest Iron.prefab
  artifactKey: Guid(5abf20f0457997348bd80242fe916388) Importer(815301076,1909f56bfc062723c751e8b465ee728b)
Start importing Assets/Sprites/Cainos/Pixel Art Platformer - Village Props/Prefab/PF Village Props - Chest Iron.prefab using Guid(5abf20f0457997348bd80242fe916388) Importer(815301076,1909f56bfc062723c751e8b465ee728b)  -> (artifact id: 'dad4165a09704d6844c4a1034de43a31') in 0.021049 seconds 
========================================================================
Received Import Request.
  Time since last request: 0.000026 seconds.
  path: Assets/Sprites/Cainos/Pixel Art Platformer - Village Props/Prefab/PF Village Props - Platform L.prefab
  artifactKey: Guid(be45c7f16746c98428fc87d0d0f34226) Importer(815301076,1909f56bfc062723c751e8b465ee728b)
Start importing Assets/Sprites/Cainos/Pixel Art Platformer - Village Props/Prefab/PF Village Props - Platform L.prefab using Guid(be45c7f16746c98428fc87d0d0f34226) Importer(815301076,1909f56bfc062723c751e8b465ee728b)  -> (artifact id: '23e98615094642570148f74900469006') in 0.017431 seconds 
========================================================================
Received Import Request.
  Time since last request: 0.000040 seconds.
  path: Assets/Sprites/Cainos/Pixel Art Platformer - Village Props/Prefab/PF Village Props - Crate Large.prefab
  artifactKey: Guid(78538c3cab4610f4d914a10e71bdf46b) Importer(815301076,1909f56bfc062723c751e8b465ee728b)
Start importing Assets/Sprites/Cainos/Pixel Art Platformer - Village Props/Prefab/PF Village Props - Crate Large.prefab using Guid(78538c3cab4610f4d914a10e71bdf46b) Importer(815301076,1909f56bfc062723c751e8b465ee728b)  -> (artifact id: '46b7d4e5aa2d783685510bf71c897bfa') in 0.016634 seconds 
========================================================================
Received Import Request.
  Time since last request: 0.000031 seconds.
  path: Assets/Sprites/Cainos/Pixel Art Platformer - Village Props/Prefab/PF Village Props - Bush C.prefab
  artifactKey: Guid(de570bfbf1a49ba4c9575930f7db6bae) Importer(815301076,1909f56bfc062723c751e8b465ee728b)
Start importing Assets/Sprites/Cainos/Pixel Art Platformer - Village Props/Prefab/PF Village Props - Bush C.prefab using Guid(de570bfbf1a49ba4c9575930f7db6bae) Importer(815301076,1909f56bfc062723c751e8b465ee728b)  -> (artifact id: 'd9e0530b751aa2d3e1cae7566ff86907') in 0.019849 seconds 
========================================================================
Received Import Request.
  Time since last request: 0.000035 seconds.
  path: Assets/Sprites/Cainos/Pixel Art Platformer - Village Props/Prefab/PF Village Props - Bread.prefab
  artifactKey: Guid(5b863081ef08aeb42abb2f87baf72b1e) Importer(815301076,1909f56bfc062723c751e8b465ee728b)
Start importing Assets/Sprites/Cainos/Pixel Art Platformer - Village Props/Prefab/PF Village Props - Bread.prefab using Guid(5b863081ef08aeb42abb2f87baf72b1e) Importer(815301076,1909f56bfc062723c751e8b465ee728b)  -> (artifact id: 'da29b35476086693f4b14c80e398a606') in 0.021664 seconds 
========================================================================
Received Import Request.
  Time since last request: 0.000030 seconds.
  path: Assets/Sprites/Cainos/Pixel Art Platformer - Village Props/Prefab/PF Village Props - Barricade.prefab
  artifactKey: Guid(e0868e2099f22704cb8f4781f4dffe5f) Importer(815301076,1909f56bfc062723c751e8b465ee728b)
Start importing Assets/Sprites/Cainos/Pixel Art Platformer - Village Props/Prefab/PF Village Props - Barricade.prefab using Guid(e0868e2099f22704cb8f4781f4dffe5f) Importer(815301076,1909f56bfc062723c751e8b465ee728b)  -> (artifact id: '4d2b5702fe4a8942e919ca0d890e02a7') in 0.017483 seconds 
========================================================================
Received Import Request.
  Time since last request: 0.000036 seconds.
  path: Assets/Sprites/Cainos/Pixel Art Platformer - Village Props/Prefab/PF Village Props - Platform E.prefab
  artifactKey: Guid(4e2f5851c35ac714993e47e8bfd4da5e) Importer(815301076,1909f56bfc062723c751e8b465ee728b)
Start importing Assets/Sprites/Cainos/Pixel Art Platformer - Village Props/Prefab/PF Village Props - Platform E.prefab using Guid(4e2f5851c35ac714993e47e8bfd4da5e) Importer(815301076,1909f56bfc062723c751e8b465ee728b)  -> (artifact id: '726b2fbbbabcc83cd763348d56f9496b') in 0.018311 seconds 
========================================================================
Received Import Request.
  Time since last request: 0.000023 seconds.
  path: Assets/Sprites/Cainos/Pixel Art Platformer - Village Props/Prefab/PF Village Props - Cauldron.prefab
  artifactKey: Guid(838a9c74e6cba734faec44d9be3b765e) Importer(815301076,1909f56bfc062723c751e8b465ee728b)
Start importing Assets/Sprites/Cainos/Pixel Art Platformer - Village Props/Prefab/PF Village Props - Cauldron.prefab using Guid(838a9c74e6cba734faec44d9be3b765e) Importer(815301076,1909f56bfc062723c751e8b465ee728b)  -> (artifact id: '8599dd3dac17c0fc726ddf029207b99d') in 0.016625 seconds 
========================================================================
Received Import Request.
  Time since last request: 0.000024 seconds.
  path: Assets/Sprites/Cainos/Pixel Art Platformer - Village Props/Prefab/PF Village Props - Chair.prefab
  artifactKey: Guid(bb67ae3035abce24aa87122c96acac22) Importer(815301076,1909f56bfc062723c751e8b465ee728b)
Start importing Assets/Sprites/Cainos/Pixel Art Platformer - Village Props/Prefab/PF Village Props - Chair.prefab using Guid(bb67ae3035abce24aa87122c96acac22) Importer(815301076,1909f56bfc062723c751e8b465ee728b)  -> (artifact id: '93ef19f9a02425daa6c01ac40fe70f0a') in 0.018243 seconds 
========================================================================
Received Import Request.
  Time since last request: 0.187459 seconds.
  path: Assets/Sprites/Cainos/Pixel Art Platformer - Village Props/Prefab/PF Village Props - Platform S.prefab
  artifactKey: Guid(b66942e8458865e4990a5fc39874e9a1) Importer(815301076,1909f56bfc062723c751e8b465ee728b)
Start importing Assets/Sprites/Cainos/Pixel Art Platformer - Village Props/Prefab/PF Village Props - Platform S.prefab using Guid(b66942e8458865e4990a5fc39874e9a1) Importer(815301076,1909f56bfc062723c751e8b465ee728b)  -> (artifact id: '27d05f478b7383edcca54a96e50bb963') in 0.033606 seconds 
========================================================================
Received Import Request.
  Time since last request: 0.000015 seconds.
  path: Assets/Sprites/Cainos/Pixel Art Platformer - Village Props/Prefab/PF Village Props - Rock A.prefab
  artifactKey: Guid(8dab7379f6c67d9448d4c24d1eace61b) Importer(815301076,1909f56bfc062723c751e8b465ee728b)
Start importing Assets/Sprites/Cainos/Pixel Art Platformer - Village Props/Prefab/PF Village Props - Rock A.prefab using Guid(8dab7379f6c67d9448d4c24d1eace61b) Importer(815301076,1909f56bfc062723c751e8b465ee728b)  -> (artifact id: '325c8344cca3374f6e9ece83d42b83d1') in 0.016934 seconds 
========================================================================
Received Import Request.
  Time since last request: 0.000021 seconds.
  path: Assets/Sprites/Cainos/Pixel Art Platformer - Village Props/Prefab/PF Village Props - Wheat D.prefab
  artifactKey: Guid(e25962a23b0ae06459d988ce85f4476e) Importer(815301076,1909f56bfc062723c751e8b465ee728b)
Start importing Assets/Sprites/Cainos/Pixel Art Platformer - Village Props/Prefab/PF Village Props - Wheat D.prefab using Guid(e25962a23b0ae06459d988ce85f4476e) Importer(815301076,1909f56bfc062723c751e8b465ee728b)  -> (artifact id: 'd850f1c7100834207266bcdd78835d5f') in 0.016145 seconds 
========================================================================
Received Import Request.
  Time since last request: 0.000028 seconds.
  path: Assets/Sprites/Cainos/Pixel Art Platformer - Village Props/Prefab/PF Village Props - Spike.prefab
  artifactKey: Guid(c4728654af6c1b84fb5102e3f29ffb8f) Importer(815301076,1909f56bfc062723c751e8b465ee728b)
Start importing Assets/Sprites/Cainos/Pixel Art Platformer - Village Props/Prefab/PF Village Props - Spike.prefab using Guid(c4728654af6c1b84fb5102e3f29ffb8f) Importer(815301076,1909f56bfc062723c751e8b465ee728b)  -> (artifact id: 'eb147bbd078007d6874e18a764c20324') in 0.017193 seconds 
========================================================================
Received Import Request.
  Time since last request: 0.000027 seconds.
  path: Assets/Sprites/Cainos/Pixel Art Platformer - Village Props/Prefab/PF Village Props - Pumpkin A.prefab
  artifactKey: Guid(4c7668f32ddf4c843bc8d57bf6b43000) Importer(815301076,1909f56bfc062723c751e8b465ee728b)
Start importing Assets/Sprites/Cainos/Pixel Art Platformer - Village Props/Prefab/PF Village Props - Pumpkin A.prefab using Guid(4c7668f32ddf4c843bc8d57bf6b43000) Importer(815301076,1909f56bfc062723c751e8b465ee728b)  -> (artifact id: '927dc7e69329dd7a72e3da6f3def326f') in 0.016075 seconds 
========================================================================
Received Import Request.
  Time since last request: 0.000018 seconds.
  path: Assets/Sprites/Cainos/Pixel Art Platformer - Village Props/Prefab/PF Village Props - Tree B.prefab
  artifactKey: Guid(c5f8f079905bce04f945cd8ff4ba545a) Importer(815301076,1909f56bfc062723c751e8b465ee728b)
Start importing Assets/Sprites/Cainos/Pixel Art Platformer - Village Props/Prefab/PF Village Props - Tree B.prefab using Guid(c5f8f079905bce04f945cd8ff4ba545a) Importer(815301076,1909f56bfc062723c751e8b465ee728b)  -> (artifact id: '4458450e2301d6323d3ff0ce2d4d819e') in 0.016231 seconds 
========================================================================
Received Import Request.
  Time since last request: 0.000023 seconds.
  path: Assets/Sprites/Cainos/Pixel Art Platformer - Village Props/Prefab/PF Village Props - Training Dummy.prefab
  artifactKey: Guid(7fc30cd74f5aa724387df7546e0f3d5b) Importer(815301076,1909f56bfc062723c751e8b465ee728b)
Start importing Assets/Sprites/Cainos/Pixel Art Platformer - Village Props/Prefab/PF Village Props - Training Dummy.prefab using Guid(7fc30cd74f5aa724387df7546e0f3d5b) Importer(815301076,1909f56bfc062723c751e8b465ee728b)  -> (artifact id: '090e0da1e05e85162dbabcc7c04517ce') in 0.016620 seconds 
========================================================================
Received Import Request.
  Time since last request: 0.000027 seconds.
  path: Assets/Sprites/Cainos/Pixel Art Platformer - Village Props/Prefab/PF Village Props - Stall.prefab
  artifactKey: Guid(b18dcd3ee86986b469e9cfc64055704c) Importer(815301076,1909f56bfc062723c751e8b465ee728b)
Start importing Assets/Sprites/Cainos/Pixel Art Platformer - Village Props/Prefab/PF Village Props - Stall.prefab using Guid(b18dcd3ee86986b469e9cfc64055704c) Importer(815301076,1909f56bfc062723c751e8b465ee728b)  -> (artifact id: 'c0714c0d842e0a2cfd9c6947ed674804') in 0.021546 seconds 
========================================================================
Received Import Request.
  Time since last request: 0.000027 seconds.
  path: Assets/Sprites/Cainos/Pixel Art Platformer - Village Props/Prefab/PF Village Props - Wheat E.prefab
  artifactKey: Guid(0cde5280cb0df5240bf5cc2866248e08) Importer(815301076,1909f56bfc062723c751e8b465ee728b)
Start importing Assets/Sprites/Cainos/Pixel Art Platformer - Village Props/Prefab/PF Village Props - Wheat E.prefab using Guid(0cde5280cb0df5240bf5cc2866248e08) Importer(815301076,1909f56bfc062723c751e8b465ee728b)  -> (artifact id: '98238039983f48a54995dd3fe61caae1') in 0.017690 seconds 
========================================================================
Received Import Request.
  Time since last request: 0.000024 seconds.
  path: Assets/Sprites/Cainos/Pixel Art Platformer - Village Props/Prefab/PF Village Props - Road Sign - A.prefab
  artifactKey: Guid(bbde5b0f2fde63f47aab9703a1e8e784) Importer(815301076,1909f56bfc062723c751e8b465ee728b)
Start importing Assets/Sprites/Cainos/Pixel Art Platformer - Village Props/Prefab/PF Village Props - Road Sign - A.prefab using Guid(bbde5b0f2fde63f47aab9703a1e8e784) Importer(815301076,1909f56bfc062723c751e8b465ee728b)  -> (artifact id: '68430cc99fae3269792278973bb757c2') in 0.016940 seconds 
========================================================================
Received Import Request.
  Time since last request: 0.000029 seconds.
  path: Assets/Sprites/Cainos/Pixel Art Platformer - Village Props/Prefab/PF Village Props - Table.prefab
  artifactKey: Guid(b78702531cc991540bea14f3518027c2) Importer(815301076,1909f56bfc062723c751e8b465ee728b)
Start importing Assets/Sprites/Cainos/Pixel Art Platformer - Village Props/Prefab/PF Village Props - Table.prefab using Guid(b78702531cc991540bea14f3518027c2) Importer(815301076,1909f56bfc062723c751e8b465ee728b)  -> (artifact id: 'f1858497b6c920d66d59693edab9e2c2') in 0.018759 seconds 
========================================================================
Received Import Request.
  Time since last request: 0.000021 seconds.
  path: Assets/Sprites/Cainos/Pixel Art Platformer - Village Props/Prefab/PF Village Props - Torch.prefab
  artifactKey: Guid(c759bb922e42eda4eb6f7e6e4e2fbe63) Importer(815301076,1909f56bfc062723c751e8b465ee728b)
Start importing Assets/Sprites/Cainos/Pixel Art Platformer - Village Props/Prefab/PF Village Props - Torch.prefab using Guid(c759bb922e42eda4eb6f7e6e4e2fbe63) Importer(815301076,1909f56bfc062723c751e8b465ee728b)  -> (artifact id: '972995be8cf5495df37c64e5658e6288') in 0.021544 seconds 
========================================================================
Received Import Request.
  Time since last request: 0.000033 seconds.
  path: Assets/Sprites/Cainos/Pixel Art Platformer - Village Props/Prefab/PF Village Props - Spear.prefab
  artifactKey: Guid(b5866d78fe6dce549a3dcd007f7eaca5) Importer(815301076,1909f56bfc062723c751e8b465ee728b)
Start importing Assets/Sprites/Cainos/Pixel Art Platformer - Village Props/Prefab/PF Village Props - Spear.prefab using Guid(b5866d78fe6dce549a3dcd007f7eaca5) Importer(815301076,1909f56bfc062723c751e8b465ee728b)  -> (artifact id: '8b590713b54c0d249b7c39859438ca79') in 0.017096 seconds 
========================================================================
Received Import Request.
  Time since last request: 0.000029 seconds.
  path: Assets/Sprites/Cainos/Pixel Art Platformer - Village Props/Prefab/PF Village Props - Wheat A.prefab
  artifactKey: Guid(fc9968c4dc5d5264b89413cdfe5d303e) Importer(815301076,1909f56bfc062723c751e8b465ee728b)
Start importing Assets/Sprites/Cainos/Pixel Art Platformer - Village Props/Prefab/PF Village Props - Wheat A.prefab using Guid(fc9968c4dc5d5264b89413cdfe5d303e) Importer(815301076,1909f56bfc062723c751e8b465ee728b)  -> (artifact id: 'cc9b383ae88ee53633ae919cd960aced') in 0.016666 seconds 
========================================================================
Received Import Request.
  Time since last request: 0.000024 seconds.
  path: Assets/Sprites/Cainos/Pixel Art Platformer - Village Props/Prefab/PF Village Props - Stump.prefab
  artifactKey: Guid(64cddfc21e04a9c408921968b73a68ad) Importer(815301076,1909f56bfc062723c751e8b465ee728b)
Start importing Assets/Sprites/Cainos/Pixel Art Platformer - Village Props/Prefab/PF Village Props - Stump.prefab using Guid(64cddfc21e04a9c408921968b73a68ad) Importer(815301076,1909f56bfc062723c751e8b465ee728b)  -> (artifact id: 'cacf8389e5f6116656e74b5dea0e3ba4') in 0.017269 seconds 
========================================================================
Received Import Request.
  Time since last request: 0.000023 seconds.
  path: Assets/Sprites/Cainos/Pixel Art Platformer - Village Props/Prefab/PF Village Props - Wine Bottle.prefab
  artifactKey: Guid(83d9652edf8102948abc7e6551b4db36) Importer(815301076,1909f56bfc062723c751e8b465ee728b)
Start importing Assets/Sprites/Cainos/Pixel Art Platformer - Village Props/Prefab/PF Village Props - Wine Bottle.prefab using Guid(83d9652edf8102948abc7e6551b4db36) Importer(815301076,1909f56bfc062723c751e8b465ee728b)  -> (artifact id: 'bc8b53697a1ebac5dd66ba4eca233801') in 0.016729 seconds 
========================================================================
Received Import Request.
  Time since last request: 0.000040 seconds.
  path: Assets/Sprites/Cainos/Pixel Art Platformer - Village Props/Prefab/TX Village Props - Kettle.prefab
  artifactKey: Guid(5dad1464d7a3246408607532834aec13) Importer(815301076,1909f56bfc062723c751e8b465ee728b)
Start importing Assets/Sprites/Cainos/Pixel Art Platformer - Village Props/Prefab/TX Village Props - Kettle.prefab using Guid(5dad1464d7a3246408607532834aec13) Importer(815301076,1909f56bfc062723c751e8b465ee728b)  -> (artifact id: '3df5df36793d17b42500e23c8e0e64f2') in 0.017600 seconds 
========================================================================
Received Import Request.
  Time since last request: 0.000021 seconds.
  path: Assets/Sprites/Cainos/Pixel Art Platformer - Village Props/Prefab/PF Village Props - Spike Ball.prefab
  artifactKey: Guid(ac067d7d3bd8a1c4a9fb05099b5a4e06) Importer(815301076,1909f56bfc062723c751e8b465ee728b)
Start importing Assets/Sprites/Cainos/Pixel Art Platformer - Village Props/Prefab/PF Village Props - Spike Ball.prefab using Guid(ac067d7d3bd8a1c4a9fb05099b5a4e06) Importer(815301076,1909f56bfc062723c751e8b465ee728b)  -> (artifact id: 'd0e840e3b667ea752e4b385829ed0e61') in 0.016468 seconds 
========================================================================
Received Import Request.
  Time since last request: 0.000019 seconds.
  path: Assets/Sprites/Cainos/Pixel Art Platformer - Village Props/Prefab/PF Village Props - Wheat C.prefab
  artifactKey: Guid(924118ea6eca18f459f67d54f8640858) Importer(815301076,1909f56bfc062723c751e8b465ee728b)
Start importing Assets/Sprites/Cainos/Pixel Art Platformer - Village Props/Prefab/PF Village Props - Wheat C.prefab using Guid(924118ea6eca18f459f67d54f8640858) Importer(815301076,1909f56bfc062723c751e8b465ee728b)  -> (artifact id: '53b6f4ade3c400c135dba63d2184c07f') in 0.017013 seconds 
========================================================================
Received Import Request.
  Time since last request: 0.000027 seconds.
  path: Assets/Sprites/Cainos/Pixel Art Platformer - Village Props/Prefab/PF Village Props - Well.prefab
  artifactKey: Guid(d39672cc18ccd9545840277c51264e6f) Importer(815301076,1909f56bfc062723c751e8b465ee728b)
Start importing Assets/Sprites/Cainos/Pixel Art Platformer - Village Props/Prefab/PF Village Props - Well.prefab using Guid(d39672cc18ccd9545840277c51264e6f) Importer(815301076,1909f56bfc062723c751e8b465ee728b)  -> (artifact id: 'b7fd599448ff6d42c637826bb4a0b551') in 0.018810 seconds 
========================================================================
Received Import Request.
  Time since last request: 0.000025 seconds.
  path: Assets/Sprites/Cainos/Pixel Art Platformer - Village Props/Prefab/PF Village Props - Pot B.prefab
  artifactKey: Guid(282d10bd840f2244d993130a17f23515) Importer(815301076,1909f56bfc062723c751e8b465ee728b)
Start importing Assets/Sprites/Cainos/Pixel Art Platformer - Village Props/Prefab/PF Village Props - Pot B.prefab using Guid(282d10bd840f2244d993130a17f23515) Importer(815301076,1909f56bfc062723c751e8b465ee728b)  -> (artifact id: 'aa4a703900ea569897b9de37575bdcdc') in 0.014749 seconds 
========================================================================
Received Import Request.
  Time since last request: 5.503369 seconds.
  path: Assets/Sprites/Cainos/Pixel Art Platformer - Village Props/Tileset Palette
  artifactKey: Guid(ffa1277bff802794d811d96630d14d9b) Importer(815301076,1909f56bfc062723c751e8b465ee728b)
Start importing Assets/Sprites/Cainos/Pixel Art Platformer - Village Props/Tileset Palette using Guid(ffa1277bff802794d811d96630d14d9b) Importer(815301076,1909f56bfc062723c751e8b465ee728b)  -> (artifact id: 'd353a82ef0f4240279baa475e236ccb0') in 0.006985 seconds 
========================================================================
Received Import Request.
  Time since last request: 0.076047 seconds.
  path: Assets/Sprites/Cainos/Pixel Art Platformer - Village Props/Tileset Palette/TP Ground.prefab
  artifactKey: Guid(027db5ce1ff2f4142b49c3de3b59625a) Importer(815301076,1909f56bfc062723c751e8b465ee728b)
Start importing Assets/Sprites/Cainos/Pixel Art Platformer - Village Props/Tileset Palette/TP Ground.prefab using Guid(027db5ce1ff2f4142b49c3de3b59625a) Importer(815301076,1909f56bfc062723c751e8b465ee728b)  -> (artifact id: '011dd216229228f09c65d3a6ca8ccdb1') in 0.089829 seconds 
========================================================================
Received Import Request.
  Time since last request: 11.540613 seconds.
  path: Assets/Sprites/Cainos/Pixel Art Platformer - Village House
  artifactKey: Guid(f5368bfc0f5486d43b3328776999a19c) Importer(815301076,1909f56bfc062723c751e8b465ee728b)
Start importing Assets/Sprites/Cainos/Pixel Art Platformer - Village House using Guid(f5368bfc0f5486d43b3328776999a19c) Importer(815301076,1909f56bfc062723c751e8b465ee728b)  -> (artifact id: 'bfb755ded590f4f69fd04d8ce5ad61a5') in 0.006371 seconds 
========================================================================
Received Import Request.
  Time since last request: 1.479985 seconds.
  path: Assets/Sprites/Cainos/Pixel Art Platformer - Village House/Shader
  artifactKey: Guid(e2e71b929d15f974d9a8921549768fc1) Importer(815301076,1909f56bfc062723c751e8b465ee728b)
Start importing Assets/Sprites/Cainos/Pixel Art Platformer - Village House/Shader using Guid(e2e71b929d15f974d9a8921549768fc1) Importer(815301076,1909f56bfc062723c751e8b465ee728b)  -> (artifact id: '65ebe3bd268509d4ce1604171f2a1be9') in 0.006397 seconds 
========================================================================
Received Import Request.
  Time since last request: 1.552073 seconds.
  path: Assets/Sprites/Cainos/Pixel Art Platformer - Village House/Texture
  artifactKey: Guid(25e66cc855114ff49a24c2fb8f1f6c9d) Importer(815301076,1909f56bfc062723c751e8b465ee728b)
Start importing Assets/Sprites/Cainos/Pixel Art Platformer - Village House/Texture using Guid(25e66cc855114ff49a24c2fb8f1f6c9d) Importer(815301076,1909f56bfc062723c751e8b465ee728b)  -> (artifact id: 'f56702cd2175f2cf41d8488d92acbf5e') in 0.003204 seconds 
========================================================================
Received Import Request.
  Time since last request: 99.160630 seconds.
  path: Assets/Sprites/Cainos/Pixel Art Platformer - Village House/Script
  artifactKey: Guid(b6c213894c7d4e3448a75cf40ee56f10) Importer(815301076,1909f56bfc062723c751e8b465ee728b)
Start importing Assets/Sprites/Cainos/Pixel Art Platformer - Village House/Script using Guid(b6c213894c7d4e3448a75cf40ee56f10) Importer(815301076,1909f56bfc062723c751e8b465ee728b)  -> (artifact id: '6d38dd995e39ec1f69d79234f9f37f50') in 0.007749 seconds 
========================================================================
Received Import Request.
  Time since last request: 12.326490 seconds.
  path: Assets/Sprites/Cainos/Pixel Art Platformer - Village House/Prefab
  artifactKey: Guid(a112f3dab5ed8234cafe9bfb479e401c) Importer(815301076,1909f56bfc062723c751e8b465ee728b)
Start importing Assets/Sprites/Cainos/Pixel Art Platformer - Village House/Prefab using Guid(a112f3dab5ed8234cafe9bfb479e401c) Importer(815301076,1909f56bfc062723c751e8b465ee728b)  -> (artifact id: '6cf152ae3bc8c238eccb344c59297a17') in 0.006862 seconds 
